<?xml version="1.0" encoding="UTF-8"?>
<!-- Generated by org.testng.reporters.JUnitReportReporter -->
<testsuite hostname="DESKTOP-SM0MVNU" failures="0" tests="3" name="Testpackage.LoginTestCases" time="96.588" errors="0" timestamp="2023-03-21T14:35:31 IST" skipped="0">
  <testcase classname="Testpackage.LoginTestCases" name="VerifyLoginFunctionalityWithInCorrectData" time="35.216"/>
  <system-out/>
  <testcase classname="Testpackage.LoginTestCases" name="VerifyLoginFunctionalityWithBlnkData" time="3.270"/>
  <system-out/>
  <testcase classname="Testpackage.LoginTestCases" name="VerifyLoginFunctionalityWithCorrectData" time="58.102"/>
  <system-out/>
</testsuite> <!-- Testpackage.LoginTestCases -->
