<?xml version="1.0" encoding="UTF-8"?>
<!-- Generated by org.testng.reporters.JUnitReportReporter -->
<testsuite hostname="DESKTOP-SM0MVNU" failures="0" tests="4" name="Testpackage.HomepageTestCases" time="157.083" errors="0" timestamp="2023-03-21T14:35:31 IST" skipped="0">
  <testcase classname="Testpackage.HomepageTestCases" name="VerifyLoginFunctionalityWithCorrectData" time="27.979"/>
  <system-out/>
  <testcase classname="Testpackage.HomepageTestCases" name="VerifyHomePageFunctionality" time="33.090"/>
  <system-out/>
  <testcase classname="Testpackage.HomepageTestCases" name="VerifyHomePageFunctionalities" time="38.065"/>
  <system-out/>
  <testcase classname="Testpackage.HomepageTestCases" name="VerifyhomepageFuncionality" time="57.949"/>
  <system-out/>
</testsuite> <!-- Testpackage.HomepageTestCases -->
